<?xml version="1.0" encoding="UTF-8"?>
<testsuite name="com.phonebook.tests.LoginTests" tests="1" skipped="0" failures="0" errors="0" timestamp="2024-11-27T08:40:03" hostname="MacBookAir" time="2.103">
  <properties/>
  <testcase name="loginNegativeTest" classname="com.phonebook.tests.LoginTests" time="2.103"/>
  <system-out><![CDATA[09:40:03.709 [Test worker] INFO  com.phonebook.tests.TestBase -- Start test loginNegativeTest[]
09:40:03.710 [Test worker] INFO  com.phonebook.utils.MyListener -- Before find elements By.cssSelector: [href='/login']
09:40:03.710 [Test worker] INFO  com.phonebook.utils.MyListener -- ***********************************************************************
09:40:03.726 [Test worker] INFO  com.phonebook.utils.MyListener -- List size is 1
09:40:03.726 [Test worker] INFO  com.phonebook.utils.MyListener -- ***********************************************************************
09:40:03.727 [Test worker] INFO  com.phonebook.utils.MyListener -- The locator will findBy.cssSelector: [href='/login']
09:40:03.727 [Test worker] INFO  com.phonebook.utils.MyListener -- ***********************************************************************
09:40:03.735 [Test worker] INFO  com.phonebook.utils.MyListener -- The locator found By.cssSelector: [href='/login']
09:40:03.735 [Test worker] INFO  com.phonebook.utils.MyListener -- ***********************************************************************
09:40:04.004 [Test worker] INFO  com.phonebook.utils.MyListener -- The locator will findBy.name: email
09:40:04.004 [Test worker] INFO  com.phonebook.utils.MyListener -- ***********************************************************************
09:40:04.015 [Test worker] INFO  com.phonebook.utils.MyListener -- The locator found By.name: email
09:40:04.016 [Test worker] INFO  com.phonebook.utils.MyListener -- ***********************************************************************
09:40:04.243 [Test worker] INFO  com.phonebook.utils.MyListener -- The locator will findBy.name: email
09:40:04.244 [Test worker] INFO  com.phonebook.utils.MyListener -- ***********************************************************************
09:40:04.255 [Test worker] INFO  com.phonebook.utils.MyListener -- The locator found By.name: email
09:40:04.256 [Test worker] INFO  com.phonebook.utils.MyListener -- ***********************************************************************
09:40:04.259 [Test worker] INFO  com.phonebook.utils.MyListener -- The locator will findBy.name: email
09:40:04.260 [Test worker] INFO  com.phonebook.utils.MyListener -- ***********************************************************************
09:40:04.268 [Test worker] INFO  com.phonebook.utils.MyListener -- The locator found By.name: email
09:40:04.268 [Test worker] INFO  com.phonebook.utils.MyListener -- ***********************************************************************
09:40:04.283 [Test worker] INFO  com.phonebook.utils.MyListener -- The locator will findBy.name: password
09:40:04.283 [Test worker] INFO  com.phonebook.utils.MyListener -- ***********************************************************************
09:40:04.290 [Test worker] INFO  com.phonebook.utils.MyListener -- The locator found By.name: password
09:40:04.290 [Test worker] INFO  com.phonebook.utils.MyListener -- ***********************************************************************
09:40:04.498 [Test worker] INFO  com.phonebook.utils.MyListener -- The locator will findBy.name: password
09:40:04.499 [Test worker] INFO  com.phonebook.utils.MyListener -- ***********************************************************************
09:40:04.515 [Test worker] INFO  com.phonebook.utils.MyListener -- The locator found By.name: password
09:40:04.515 [Test worker] INFO  com.phonebook.utils.MyListener -- ***********************************************************************
09:40:04.520 [Test worker] INFO  com.phonebook.utils.MyListener -- The locator will findBy.name: password
09:40:04.520 [Test worker] INFO  com.phonebook.utils.MyListener -- ***********************************************************************
09:40:04.529 [Test worker] INFO  com.phonebook.utils.MyListener -- The locator found By.name: password
09:40:04.530 [Test worker] INFO  com.phonebook.utils.MyListener -- ***********************************************************************
09:40:04.534 [Test worker] INFO  com.phonebook.utils.MyListener -- The locator will findBy.name: login
09:40:04.534 [Test worker] INFO  com.phonebook.utils.MyListener -- ***********************************************************************
09:40:04.545 [Test worker] INFO  com.phonebook.utils.MyListener -- The locator found By.name: login
09:40:04.546 [Test worker] INFO  com.phonebook.utils.MyListener -- ***********************************************************************
09:40:04.783 [Test worker] INFO  com.phonebook.utils.MyListener -- The test have a problem
09:40:04.783 [Test worker] INFO  com.phonebook.utils.MyListener -- ***********************************************************************
09:40:04.783 [Test worker] INFO  com.phonebook.utils.MyListener -- Method --> alert
09:40:04.783 [Test worker] INFO  com.phonebook.utils.MyListener -- ***********************************************************************
09:40:04.784 [Test worker] INFO  com.phonebook.utils.MyListener -- Target exception --> org.openqa.selenium.NoAlertPresentException: Build info: version: '4.26.0', revision: '8ccf0219d7'
System info: os.name: 'Mac OS X', os.arch: 'aarch64', os.version: '15.1.1', java.version: '17.0.12'
Driver info: org.openqa.selenium.firefox.FirefoxDriver
Command: [24666548-270b-42f8-91aa-833c270fdc99, getAlertText {}]
Capabilities {acceptInsecureCerts: true, browserName: firefox, browserVersion: 132.0.2, moz:accessibilityChecks: false, moz:buildID: 20241110231641, moz:debuggerAddress: 127.0.0.1:38864, moz:geckodriverVersion: 0.35.0, moz:headless: false, moz:platformVersion: 24.1.0, moz:processID: 1558, moz:profile: /var/folders/zr/s6qq0q7j1jd..., moz:shutdownTimeout: 60000, moz:webdriverClick: true, moz:windowless: false, pageLoadStrategy: normal, platformName: mac, proxy: Proxy(), se:cdp: ws://127.0.0.1:38864/devtoo..., se:cdpVersion: 85.0, setWindowRect: true, strictFileInteractability: false, timeouts: {implicit: 0, pageLoad: 300000, script: 30000}, unhandledPromptBehavior: dismiss and notify, userAgent: Mozilla/5.0 (Macintosh; Int...}
Session ID: 24666548-270b-42f8-91aa-833c270fdc99
09:40:04.785 [Test worker] INFO  com.phonebook.utils.MyListener -- ***********************************************************************
09:40:04.785 [Test worker] INFO  com.phonebook.utils.MyListener -- Object target --> org.openqa.selenium.remote.RemoteWebDriver$RemoteTargetLocator@79d9214d
09:40:04.785 [Test worker] INFO  com.phonebook.utils.MyListener -- ***********************************************************************
09:40:05.300 [Test worker] INFO  com.phonebook.utils.MyListener -- The test have a problem
09:40:05.300 [Test worker] INFO  com.phonebook.utils.MyListener -- ***********************************************************************
09:40:05.300 [Test worker] INFO  com.phonebook.utils.MyListener -- Method --> alert
09:40:05.300 [Test worker] INFO  com.phonebook.utils.MyListener -- ***********************************************************************
09:40:05.300 [Test worker] INFO  com.phonebook.utils.MyListener -- Target exception --> org.openqa.selenium.NoAlertPresentException: Build info: version: '4.26.0', revision: '8ccf0219d7'
System info: os.name: 'Mac OS X', os.arch: 'aarch64', os.version: '15.1.1', java.version: '17.0.12'
Driver info: org.openqa.selenium.firefox.FirefoxDriver
Command: [24666548-270b-42f8-91aa-833c270fdc99, getAlertText {}]
Capabilities {acceptInsecureCerts: true, browserName: firefox, browserVersion: 132.0.2, moz:accessibilityChecks: false, moz:buildID: 20241110231641, moz:debuggerAddress: 127.0.0.1:38864, moz:geckodriverVersion: 0.35.0, moz:headless: false, moz:platformVersion: 24.1.0, moz:processID: 1558, moz:profile: /var/folders/zr/s6qq0q7j1jd..., moz:shutdownTimeout: 60000, moz:webdriverClick: true, moz:windowless: false, pageLoadStrategy: normal, platformName: mac, proxy: Proxy(), se:cdp: ws://127.0.0.1:38864/devtoo..., se:cdpVersion: 85.0, setWindowRect: true, strictFileInteractability: false, timeouts: {implicit: 0, pageLoad: 300000, script: 30000}, unhandledPromptBehavior: dismiss and notify, userAgent: Mozilla/5.0 (Macintosh; Int...}
Session ID: 24666548-270b-42f8-91aa-833c270fdc99
09:40:05.300 [Test worker] INFO  com.phonebook.utils.MyListener -- ***********************************************************************
09:40:05.300 [Test worker] INFO  com.phonebook.utils.MyListener -- Object target --> org.openqa.selenium.remote.RemoteWebDriver$RemoteTargetLocator@a18649a
09:40:05.301 [Test worker] INFO  com.phonebook.utils.MyListener -- ***********************************************************************
09:40:05.831 [Test worker] INFO  com.phonebook.tests.TestBase -- PASSED: loginNegativeTest
09:40:05.831 [Test worker] INFO  com.phonebook.tests.TestBase -- Stop test
09:40:05.831 [Test worker] INFO  com.phonebook.tests.TestBase -- =============================================================================
]]></system-out>
  <system-err><![CDATA[]]></system-err>
</testsuite>
