<?xml version="1.0" encoding="UTF-8"?>
<testsuite name="com.phonebook.tests.LoginTests" tests="3" skipped="0" failures="0" errors="0" timestamp="2025-01-22T10:12:25" hostname="MacBookAir" time="31.666">
  <properties/>
  <testcase name="loginPositiveTestWithScreenCast" classname="com.phonebook.tests.LoginTests" time="4.654"/>
  <testcase name="loginPositiveTestWithScreenCast2" classname="com.phonebook.tests.LoginTests" time="6.235"/>
  <testcase name="loginPositiveTest" classname="com.phonebook.tests.LoginTests" time="0.469"/>
  <system-out><![CDATA[11:12:25.294 [Test worker] INFO  com.phonebook.tests.TestBase -- Start test loginPositiveTestWithScreenCast[]
11:12:25.294 [Test worker] INFO  com.phonebook.utils.MyListener -- Before find elements By.cssSelector: [href='/login']
11:12:25.294 [Test worker] INFO  com.phonebook.utils.MyListener -- ***********************************************************************
11:12:25.305 [Test worker] INFO  com.phonebook.utils.MyListener -- List size is 1
11:12:25.305 [Test worker] INFO  com.phonebook.utils.MyListener -- ***********************************************************************
11:12:25.532 [Test worker] INFO  com.phonebook.utils.MyListener -- The locator will findBy.cssSelector: [href='/login']
11:12:25.532 [Test worker] INFO  com.phonebook.utils.MyListener -- ***********************************************************************
11:12:25.543 [Test worker] INFO  com.phonebook.utils.MyListener -- The locator found By.cssSelector: [href='/login']
11:12:25.543 [Test worker] INFO  com.phonebook.utils.MyListener -- ***********************************************************************
11:12:25.581 [Test worker] INFO  com.phonebook.utils.MyListener -- The locator will findBy.name: email
11:12:25.581 [Test worker] INFO  com.phonebook.utils.MyListener -- ***********************************************************************
11:12:25.592 [Test worker] INFO  com.phonebook.utils.MyListener -- The locator found By.name: email
11:12:25.592 [Test worker] INFO  com.phonebook.utils.MyListener -- ***********************************************************************
11:12:25.627 [Test worker] INFO  com.phonebook.utils.MyListener -- The locator will findBy.name: email
11:12:25.627 [Test worker] INFO  com.phonebook.utils.MyListener -- ***********************************************************************
11:12:25.644 [Test worker] INFO  com.phonebook.utils.MyListener -- The locator found By.name: email
11:12:25.645 [Test worker] INFO  com.phonebook.utils.MyListener -- ***********************************************************************
11:12:25.663 [Test worker] INFO  com.phonebook.utils.MyListener -- The locator will findBy.name: email
11:12:25.663 [Test worker] INFO  com.phonebook.utils.MyListener -- ***********************************************************************
11:12:25.676 [Test worker] INFO  com.phonebook.utils.MyListener -- The locator found By.name: email
11:12:25.676 [Test worker] INFO  com.phonebook.utils.MyListener -- ***********************************************************************
11:12:25.731 [Test worker] INFO  com.phonebook.utils.MyListener -- The locator will findBy.name: password
11:12:25.732 [Test worker] INFO  com.phonebook.utils.MyListener -- ***********************************************************************
11:12:25.741 [Test worker] INFO  com.phonebook.utils.MyListener -- The locator found By.name: password
11:12:25.741 [Test worker] INFO  com.phonebook.utils.MyListener -- ***********************************************************************
11:12:25.767 [Test worker] INFO  com.phonebook.utils.MyListener -- The locator will findBy.name: password
11:12:25.768 [Test worker] INFO  com.phonebook.utils.MyListener -- ***********************************************************************
11:12:25.777 [Test worker] INFO  com.phonebook.utils.MyListener -- The locator found By.name: password
11:12:25.777 [Test worker] INFO  com.phonebook.utils.MyListener -- ***********************************************************************
11:12:25.790 [Test worker] INFO  com.phonebook.utils.MyListener -- The locator will findBy.name: password
11:12:25.790 [Test worker] INFO  com.phonebook.utils.MyListener -- ***********************************************************************
11:12:25.799 [Test worker] INFO  com.phonebook.utils.MyListener -- The locator found By.name: password
11:12:25.799 [Test worker] INFO  com.phonebook.utils.MyListener -- ***********************************************************************
11:12:25.819 [Test worker] INFO  com.phonebook.utils.MyListener -- The locator will findBy.name: login
11:12:25.819 [Test worker] INFO  com.phonebook.utils.MyListener -- ***********************************************************************
11:12:25.834 [Test worker] INFO  com.phonebook.utils.MyListener -- The locator found By.name: login
11:12:25.834 [Test worker] INFO  com.phonebook.utils.MyListener -- ***********************************************************************
11:12:25.862 [Test worker] INFO  com.phonebook.utils.MyListener -- Before find elements By.cssSelector: div:nth-child(1) button
11:12:25.862 [Test worker] INFO  com.phonebook.utils.MyListener -- ***********************************************************************
11:12:26.663 [Test worker] INFO  com.phonebook.utils.MyListener -- List size is 1
11:12:26.663 [Test worker] INFO  com.phonebook.utils.MyListener -- ***********************************************************************
11:12:29.962 [Test worker] INFO  com.phonebook.tests.TestBase -- PASSED: loginPositiveTestWithScreenCast
11:12:29.963 [Test worker] INFO  com.phonebook.tests.TestBase -- Stop test
11:12:29.963 [Test worker] INFO  com.phonebook.tests.TestBase -- =============================================================================
11:12:29.963 [Test worker] INFO  com.phonebook.tests.TestBase -- Start test loginPositiveTestWithScreenCast2[]
11:12:29.964 [Test worker] INFO  com.phonebook.utils.MyListener -- Before find elements By.cssSelector: [href='/login']
11:12:29.964 [Test worker] INFO  com.phonebook.utils.MyListener -- ***********************************************************************
11:12:39.992 [Test worker] INFO  com.phonebook.utils.MyListener -- List size is 0
11:12:39.995 [Test worker] INFO  com.phonebook.utils.MyListener -- ***********************************************************************
11:12:39.999 [Test worker] INFO  com.phonebook.utils.MyListener -- The locator will findBy.xpath: //button[.='Sign Out']
11:12:39.999 [Test worker] INFO  com.phonebook.utils.MyListener -- ***********************************************************************
11:12:40.052 [Test worker] INFO  com.phonebook.utils.MyListener -- The locator found By.xpath: //button[.='Sign Out']
11:12:40.052 [Test worker] INFO  com.phonebook.utils.MyListener -- ***********************************************************************
11:12:40.187 [Test worker] INFO  com.phonebook.utils.MyListener -- The locator will findBy.cssSelector: [href='/login']
11:12:40.187 [Test worker] INFO  com.phonebook.utils.MyListener -- ***********************************************************************
11:12:40.201 [Test worker] INFO  com.phonebook.utils.MyListener -- The locator found By.cssSelector: [href='/login']
11:12:40.202 [Test worker] INFO  com.phonebook.utils.MyListener -- ***********************************************************************
11:12:40.238 [Test worker] INFO  com.phonebook.utils.MyListener -- The locator will findBy.name: email
11:12:40.239 [Test worker] INFO  com.phonebook.utils.MyListener -- ***********************************************************************
11:12:40.250 [Test worker] INFO  com.phonebook.utils.MyListener -- The locator found By.name: email
11:12:40.250 [Test worker] INFO  com.phonebook.utils.MyListener -- ***********************************************************************
11:12:40.305 [Test worker] INFO  com.phonebook.utils.MyListener -- The locator will findBy.name: email
11:12:40.305 [Test worker] INFO  com.phonebook.utils.MyListener -- ***********************************************************************
11:12:40.359 [Test worker] INFO  com.phonebook.utils.MyListener -- The locator found By.name: email
11:12:40.359 [Test worker] INFO  com.phonebook.utils.MyListener -- ***********************************************************************
11:12:40.386 [Test worker] INFO  com.phonebook.utils.MyListener -- The locator will findBy.name: email
11:12:40.386 [Test worker] INFO  com.phonebook.utils.MyListener -- ***********************************************************************
11:12:40.400 [Test worker] INFO  com.phonebook.utils.MyListener -- The locator found By.name: email
11:12:40.401 [Test worker] INFO  com.phonebook.utils.MyListener -- ***********************************************************************
11:12:41.439 [Test worker] INFO  com.phonebook.utils.MyListener -- The locator will findBy.name: password
11:12:41.440 [Test worker] INFO  com.phonebook.utils.MyListener -- ***********************************************************************
11:12:41.451 [Test worker] INFO  com.phonebook.utils.MyListener -- The locator found By.name: password
11:12:41.451 [Test worker] INFO  com.phonebook.utils.MyListener -- ***********************************************************************
11:12:41.492 [Test worker] INFO  com.phonebook.utils.MyListener -- The locator will findBy.name: password
11:12:41.492 [Test worker] INFO  com.phonebook.utils.MyListener -- ***********************************************************************
11:12:41.499 [Test worker] INFO  com.phonebook.utils.MyListener -- The locator found By.name: password
11:12:41.499 [Test worker] INFO  com.phonebook.utils.MyListener -- ***********************************************************************
11:12:41.512 [Test worker] INFO  com.phonebook.utils.MyListener -- The locator will findBy.name: password
11:12:41.512 [Test worker] INFO  com.phonebook.utils.MyListener -- ***********************************************************************
11:12:41.519 [Test worker] INFO  com.phonebook.utils.MyListener -- The locator found By.name: password
11:12:41.519 [Test worker] INFO  com.phonebook.utils.MyListener -- ***********************************************************************
11:12:42.541 [Test worker] INFO  com.phonebook.utils.MyListener -- The locator will findBy.name: login
11:12:42.542 [Test worker] INFO  com.phonebook.utils.MyListener -- ***********************************************************************
11:12:42.549 [Test worker] INFO  com.phonebook.utils.MyListener -- The locator found By.name: login
11:12:42.549 [Test worker] INFO  com.phonebook.utils.MyListener -- ***********************************************************************
11:12:42.575 [Test worker] INFO  com.phonebook.utils.MyListener -- Before find elements By.cssSelector: div:nth-child(1) button
11:12:42.575 [Test worker] INFO  com.phonebook.utils.MyListener -- ***********************************************************************
11:12:42.865 [Test worker] INFO  com.phonebook.utils.MyListener -- List size is 1
11:12:42.865 [Test worker] INFO  com.phonebook.utils.MyListener -- ***********************************************************************
11:12:46.401 [Test worker] INFO  com.phonebook.tests.TestBase -- PASSED: loginPositiveTestWithScreenCast2
11:12:46.401 [Test worker] INFO  com.phonebook.tests.TestBase -- Stop test
11:12:46.401 [Test worker] INFO  com.phonebook.tests.TestBase -- =============================================================================
11:12:46.402 [Test worker] INFO  com.phonebook.tests.TestBase -- Start test loginPositiveTest[]
11:12:46.403 [Test worker] INFO  com.phonebook.utils.MyListener -- Before find elements By.cssSelector: [href='/login']
11:12:46.403 [Test worker] INFO  com.phonebook.utils.MyListener -- ***********************************************************************
11:12:56.438 [Test worker] INFO  com.phonebook.utils.MyListener -- List size is 0
11:12:56.443 [Test worker] INFO  com.phonebook.utils.MyListener -- ***********************************************************************
11:12:56.444 [Test worker] INFO  com.phonebook.utils.MyListener -- The locator will findBy.xpath: //button[.='Sign Out']
11:12:56.444 [Test worker] INFO  com.phonebook.utils.MyListener -- ***********************************************************************
11:12:56.467 [Test worker] INFO  com.phonebook.utils.MyListener -- The locator found By.xpath: //button[.='Sign Out']
11:12:56.467 [Test worker] INFO  com.phonebook.utils.MyListener -- ***********************************************************************
11:12:56.528 [Test worker] INFO  com.phonebook.tests.TestBase -- Login with data --> gfhzh@gmail.com****gfztRujtio1245@23
11:12:56.529 [Test worker] INFO  com.phonebook.utils.MyListener -- The locator will findBy.cssSelector: [href='/login']
11:12:56.529 [Test worker] INFO  com.phonebook.utils.MyListener -- ***********************************************************************
11:12:56.537 [Test worker] INFO  com.phonebook.utils.MyListener -- The locator found By.cssSelector: [href='/login']
11:12:56.537 [Test worker] INFO  com.phonebook.utils.MyListener -- ***********************************************************************
11:12:56.561 [Test worker] INFO  com.phonebook.utils.MyListener -- The locator will findBy.name: email
11:12:56.561 [Test worker] INFO  com.phonebook.utils.MyListener -- ***********************************************************************
11:12:56.570 [Test worker] INFO  com.phonebook.utils.MyListener -- The locator found By.name: email
11:12:56.570 [Test worker] INFO  com.phonebook.utils.MyListener -- ***********************************************************************
11:12:56.592 [Test worker] INFO  com.phonebook.utils.MyListener -- The locator will findBy.name: email
11:12:56.592 [Test worker] INFO  com.phonebook.utils.MyListener -- ***********************************************************************
11:12:56.600 [Test worker] INFO  com.phonebook.utils.MyListener -- The locator found By.name: email
11:12:56.600 [Test worker] INFO  com.phonebook.utils.MyListener -- ***********************************************************************
11:12:56.611 [Test worker] INFO  com.phonebook.utils.MyListener -- The locator will findBy.name: email
11:12:56.611 [Test worker] INFO  com.phonebook.utils.MyListener -- ***********************************************************************
11:12:56.617 [Test worker] INFO  com.phonebook.utils.MyListener -- The locator found By.name: email
11:12:56.618 [Test worker] INFO  com.phonebook.utils.MyListener -- ***********************************************************************
11:12:56.637 [Test worker] INFO  com.phonebook.utils.MyListener -- The locator will findBy.name: password
11:12:56.637 [Test worker] INFO  com.phonebook.utils.MyListener -- ***********************************************************************
11:12:56.644 [Test worker] INFO  com.phonebook.utils.MyListener -- The locator found By.name: password
11:12:56.644 [Test worker] INFO  com.phonebook.utils.MyListener -- ***********************************************************************
11:12:56.666 [Test worker] INFO  com.phonebook.utils.MyListener -- The locator will findBy.name: password
11:12:56.667 [Test worker] INFO  com.phonebook.utils.MyListener -- ***********************************************************************
11:12:56.674 [Test worker] INFO  com.phonebook.utils.MyListener -- The locator found By.name: password
11:12:56.674 [Test worker] INFO  com.phonebook.utils.MyListener -- ***********************************************************************
11:12:56.684 [Test worker] INFO  com.phonebook.utils.MyListener -- The locator will findBy.name: password
11:12:56.685 [Test worker] INFO  com.phonebook.utils.MyListener -- ***********************************************************************
11:12:56.691 [Test worker] INFO  com.phonebook.utils.MyListener -- The locator found By.name: password
11:12:56.691 [Test worker] INFO  com.phonebook.utils.MyListener -- ***********************************************************************
11:12:56.707 [Test worker] INFO  com.phonebook.utils.MyListener -- The locator will findBy.name: login
11:12:56.707 [Test worker] INFO  com.phonebook.utils.MyListener -- ***********************************************************************
11:12:56.713 [Test worker] INFO  com.phonebook.utils.MyListener -- The locator found By.name: login
11:12:56.713 [Test worker] INFO  com.phonebook.utils.MyListener -- ***********************************************************************
11:12:56.736 [Test worker] INFO  com.phonebook.utils.MyListener -- Before find elements By.cssSelector: div:nth-child(1) button
11:12:56.736 [Test worker] INFO  com.phonebook.utils.MyListener -- ***********************************************************************
11:12:56.972 [Test worker] INFO  com.phonebook.utils.MyListener -- List size is 1
11:12:56.972 [Test worker] INFO  com.phonebook.utils.MyListener -- ***********************************************************************
11:12:56.975 [Test worker] INFO  com.phonebook.tests.TestBase -- PASSED: loginPositiveTest
11:12:56.975 [Test worker] INFO  com.phonebook.tests.TestBase -- Stop test
11:12:56.976 [Test worker] INFO  com.phonebook.tests.TestBase -- =============================================================================
]]></system-out>
  <system-err><![CDATA[]]></system-err>
</testsuite>
