<?xml version="1.0" encoding="UTF-8"?>
<testsuite name="com.phonebook.tests.DeleteContactTests" tests="1" skipped="0" failures="0" errors="0" timestamp="2025-01-22T10:13:08" hostname="MacBookAir" time="2.271">
  <properties/>
  <testcase name="deleteContactTest" classname="com.phonebook.tests.DeleteContactTests" time="2.271"/>
  <system-out><![CDATA[11:12:56.978 [Test worker] INFO  com.phonebook.tests.TestBase -- Start test deleteContactTest[]
11:12:56.979 [Test worker] INFO  com.phonebook.utils.MyListener -- Before find elements By.cssSelector: [href='/login']
11:12:56.979 [Test worker] INFO  com.phonebook.utils.MyListener -- ***********************************************************************
11:13:07.041 [Test worker] INFO  com.phonebook.utils.MyListener -- List size is 0
11:13:07.044 [Test worker] INFO  com.phonebook.utils.MyListener -- ***********************************************************************
11:13:07.045 [Test worker] INFO  com.phonebook.utils.MyListener -- The locator will findBy.xpath: //button[.='Sign Out']
11:13:07.046 [Test worker] INFO  com.phonebook.utils.MyListener -- ***********************************************************************
11:13:07.070 [Test worker] INFO  com.phonebook.utils.MyListener -- The locator found By.xpath: //button[.='Sign Out']
11:13:07.070 [Test worker] INFO  com.phonebook.utils.MyListener -- ***********************************************************************
11:13:07.107 [Test worker] INFO  com.phonebook.utils.MyListener -- The locator will findBy.cssSelector: [href='/login']
11:13:07.107 [Test worker] INFO  com.phonebook.utils.MyListener -- ***********************************************************************
11:13:07.122 [Test worker] INFO  com.phonebook.utils.MyListener -- The locator found By.cssSelector: [href='/login']
11:13:07.122 [Test worker] INFO  com.phonebook.utils.MyListener -- ***********************************************************************
11:13:07.146 [Test worker] INFO  com.phonebook.utils.MyListener -- The locator will findBy.name: email
11:13:07.146 [Test worker] INFO  com.phonebook.utils.MyListener -- ***********************************************************************
11:13:07.152 [Test worker] INFO  com.phonebook.utils.MyListener -- The locator found By.name: email
11:13:07.152 [Test worker] INFO  com.phonebook.utils.MyListener -- ***********************************************************************
11:13:07.175 [Test worker] INFO  com.phonebook.utils.MyListener -- The locator will findBy.name: email
11:13:07.175 [Test worker] INFO  com.phonebook.utils.MyListener -- ***********************************************************************
11:13:07.183 [Test worker] INFO  com.phonebook.utils.MyListener -- The locator found By.name: email
11:13:07.183 [Test worker] INFO  com.phonebook.utils.MyListener -- ***********************************************************************
11:13:07.195 [Test worker] INFO  com.phonebook.utils.MyListener -- The locator will findBy.name: email
11:13:07.195 [Test worker] INFO  com.phonebook.utils.MyListener -- ***********************************************************************
11:13:07.201 [Test worker] INFO  com.phonebook.utils.MyListener -- The locator found By.name: email
11:13:07.201 [Test worker] INFO  com.phonebook.utils.MyListener -- ***********************************************************************
11:13:07.221 [Test worker] INFO  com.phonebook.utils.MyListener -- The locator will findBy.name: password
11:13:07.221 [Test worker] INFO  com.phonebook.utils.MyListener -- ***********************************************************************
11:13:07.230 [Test worker] INFO  com.phonebook.utils.MyListener -- The locator found By.name: password
11:13:07.230 [Test worker] INFO  com.phonebook.utils.MyListener -- ***********************************************************************
11:13:07.255 [Test worker] INFO  com.phonebook.utils.MyListener -- The locator will findBy.name: password
11:13:07.255 [Test worker] INFO  com.phonebook.utils.MyListener -- ***********************************************************************
11:13:07.261 [Test worker] INFO  com.phonebook.utils.MyListener -- The locator found By.name: password
11:13:07.261 [Test worker] INFO  com.phonebook.utils.MyListener -- ***********************************************************************
11:13:07.271 [Test worker] INFO  com.phonebook.utils.MyListener -- The locator will findBy.name: password
11:13:07.272 [Test worker] INFO  com.phonebook.utils.MyListener -- ***********************************************************************
11:13:07.278 [Test worker] INFO  com.phonebook.utils.MyListener -- The locator found By.name: password
11:13:07.278 [Test worker] INFO  com.phonebook.utils.MyListener -- ***********************************************************************
11:13:07.294 [Test worker] INFO  com.phonebook.utils.MyListener -- The locator will findBy.name: login
11:13:07.294 [Test worker] INFO  com.phonebook.utils.MyListener -- ***********************************************************************
11:13:07.301 [Test worker] INFO  com.phonebook.utils.MyListener -- The locator found By.name: login
11:13:07.301 [Test worker] INFO  com.phonebook.utils.MyListener -- ***********************************************************************
11:13:07.321 [Test worker] INFO  com.phonebook.utils.MyListener -- The locator will findBy.cssSelector: [href='/add']
11:13:07.321 [Test worker] INFO  com.phonebook.utils.MyListener -- ***********************************************************************
11:13:07.574 [Test worker] INFO  com.phonebook.utils.MyListener -- The locator found By.cssSelector: [href='/add']
11:13:07.575 [Test worker] INFO  com.phonebook.utils.MyListener -- ***********************************************************************
11:13:07.625 [Test worker] INFO  com.phonebook.utils.MyListener -- The locator will findBy.cssSelector: input:nth-child(1)
11:13:07.625 [Test worker] INFO  com.phonebook.utils.MyListener -- ***********************************************************************
11:13:07.635 [Test worker] INFO  com.phonebook.utils.MyListener -- The locator found By.cssSelector: input:nth-child(1)
11:13:07.635 [Test worker] INFO  com.phonebook.utils.MyListener -- ***********************************************************************
11:13:07.664 [Test worker] INFO  com.phonebook.utils.MyListener -- The locator will findBy.cssSelector: input:nth-child(1)
11:13:07.664 [Test worker] INFO  com.phonebook.utils.MyListener -- ***********************************************************************
11:13:07.670 [Test worker] INFO  com.phonebook.utils.MyListener -- The locator found By.cssSelector: input:nth-child(1)
11:13:07.670 [Test worker] INFO  com.phonebook.utils.MyListener -- ***********************************************************************
11:13:07.679 [Test worker] INFO  com.phonebook.utils.MyListener -- The locator will findBy.cssSelector: input:nth-child(1)
11:13:07.680 [Test worker] INFO  com.phonebook.utils.MyListener -- ***********************************************************************
11:13:07.685 [Test worker] INFO  com.phonebook.utils.MyListener -- The locator found By.cssSelector: input:nth-child(1)
11:13:07.685 [Test worker] INFO  com.phonebook.utils.MyListener -- ***********************************************************************
11:13:07.697 [Test worker] INFO  com.phonebook.utils.MyListener -- The locator will findBy.cssSelector: input:nth-child(2)
11:13:07.697 [Test worker] INFO  com.phonebook.utils.MyListener -- ***********************************************************************
11:13:07.705 [Test worker] INFO  com.phonebook.utils.MyListener -- The locator found By.cssSelector: input:nth-child(2)
11:13:07.705 [Test worker] INFO  com.phonebook.utils.MyListener -- ***********************************************************************
11:13:07.728 [Test worker] INFO  com.phonebook.utils.MyListener -- The locator will findBy.cssSelector: input:nth-child(2)
11:13:07.728 [Test worker] INFO  com.phonebook.utils.MyListener -- ***********************************************************************
11:13:07.734 [Test worker] INFO  com.phonebook.utils.MyListener -- The locator found By.cssSelector: input:nth-child(2)
11:13:07.734 [Test worker] INFO  com.phonebook.utils.MyListener -- ***********************************************************************
11:13:07.745 [Test worker] INFO  com.phonebook.utils.MyListener -- The locator will findBy.cssSelector: input:nth-child(2)
11:13:07.745 [Test worker] INFO  com.phonebook.utils.MyListener -- ***********************************************************************
11:13:07.752 [Test worker] INFO  com.phonebook.utils.MyListener -- The locator found By.cssSelector: input:nth-child(2)
11:13:07.752 [Test worker] INFO  com.phonebook.utils.MyListener -- ***********************************************************************
11:13:07.765 [Test worker] INFO  com.phonebook.utils.MyListener -- The locator will findBy.cssSelector: input:nth-child(3)
11:13:07.765 [Test worker] INFO  com.phonebook.utils.MyListener -- ***********************************************************************
11:13:07.773 [Test worker] INFO  com.phonebook.utils.MyListener -- The locator found By.cssSelector: input:nth-child(3)
11:13:07.773 [Test worker] INFO  com.phonebook.utils.MyListener -- ***********************************************************************
11:13:07.795 [Test worker] INFO  com.phonebook.utils.MyListener -- The locator will findBy.cssSelector: input:nth-child(3)
11:13:07.795 [Test worker] INFO  com.phonebook.utils.MyListener -- ***********************************************************************
11:13:07.801 [Test worker] INFO  com.phonebook.utils.MyListener -- The locator found By.cssSelector: input:nth-child(3)
11:13:07.801 [Test worker] INFO  com.phonebook.utils.MyListener -- ***********************************************************************
11:13:07.811 [Test worker] INFO  com.phonebook.utils.MyListener -- The locator will findBy.cssSelector: input:nth-child(3)
11:13:07.811 [Test worker] INFO  com.phonebook.utils.MyListener -- ***********************************************************************
11:13:07.817 [Test worker] INFO  com.phonebook.utils.MyListener -- The locator found By.cssSelector: input:nth-child(3)
11:13:07.817 [Test worker] INFO  com.phonebook.utils.MyListener -- ***********************************************************************
11:13:07.830 [Test worker] INFO  com.phonebook.utils.MyListener -- The locator will findBy.cssSelector: input:nth-child(4)
11:13:07.830 [Test worker] INFO  com.phonebook.utils.MyListener -- ***********************************************************************
11:13:07.840 [Test worker] INFO  com.phonebook.utils.MyListener -- The locator found By.cssSelector: input:nth-child(4)
11:13:07.840 [Test worker] INFO  com.phonebook.utils.MyListener -- ***********************************************************************
11:13:07.863 [Test worker] INFO  com.phonebook.utils.MyListener -- The locator will findBy.cssSelector: input:nth-child(4)
11:13:07.863 [Test worker] INFO  com.phonebook.utils.MyListener -- ***********************************************************************
11:13:07.869 [Test worker] INFO  com.phonebook.utils.MyListener -- The locator found By.cssSelector: input:nth-child(4)
11:13:07.869 [Test worker] INFO  com.phonebook.utils.MyListener -- ***********************************************************************
11:13:07.880 [Test worker] INFO  com.phonebook.utils.MyListener -- The locator will findBy.cssSelector: input:nth-child(4)
11:13:07.880 [Test worker] INFO  com.phonebook.utils.MyListener -- ***********************************************************************
11:13:07.887 [Test worker] INFO  com.phonebook.utils.MyListener -- The locator found By.cssSelector: input:nth-child(4)
11:13:07.887 [Test worker] INFO  com.phonebook.utils.MyListener -- ***********************************************************************
11:13:07.901 [Test worker] INFO  com.phonebook.utils.MyListener -- The locator will findBy.cssSelector: input:nth-child(5)
11:13:07.902 [Test worker] INFO  com.phonebook.utils.MyListener -- ***********************************************************************
11:13:07.912 [Test worker] INFO  com.phonebook.utils.MyListener -- The locator found By.cssSelector: input:nth-child(5)
11:13:07.912 [Test worker] INFO  com.phonebook.utils.MyListener -- ***********************************************************************
11:13:07.935 [Test worker] INFO  com.phonebook.utils.MyListener -- The locator will findBy.cssSelector: input:nth-child(5)
11:13:07.935 [Test worker] INFO  com.phonebook.utils.MyListener -- ***********************************************************************
11:13:07.941 [Test worker] INFO  com.phonebook.utils.MyListener -- The locator found By.cssSelector: input:nth-child(5)
11:13:07.941 [Test worker] INFO  com.phonebook.utils.MyListener -- ***********************************************************************
11:13:07.952 [Test worker] INFO  com.phonebook.utils.MyListener -- The locator will findBy.cssSelector: input:nth-child(5)
11:13:07.952 [Test worker] INFO  com.phonebook.utils.MyListener -- ***********************************************************************
11:13:07.960 [Test worker] INFO  com.phonebook.utils.MyListener -- The locator found By.cssSelector: input:nth-child(5)
11:13:07.960 [Test worker] INFO  com.phonebook.utils.MyListener -- ***********************************************************************
11:13:07.974 [Test worker] INFO  com.phonebook.utils.MyListener -- The locator will findBy.cssSelector: input:nth-child(6)
11:13:07.974 [Test worker] INFO  com.phonebook.utils.MyListener -- ***********************************************************************
11:13:07.982 [Test worker] INFO  com.phonebook.utils.MyListener -- The locator found By.cssSelector: input:nth-child(6)
11:13:07.982 [Test worker] INFO  com.phonebook.utils.MyListener -- ***********************************************************************
11:13:08.006 [Test worker] INFO  com.phonebook.utils.MyListener -- The locator will findBy.cssSelector: input:nth-child(6)
11:13:08.007 [Test worker] INFO  com.phonebook.utils.MyListener -- ***********************************************************************
11:13:08.012 [Test worker] INFO  com.phonebook.utils.MyListener -- The locator found By.cssSelector: input:nth-child(6)
11:13:08.013 [Test worker] INFO  com.phonebook.utils.MyListener -- ***********************************************************************
11:13:08.023 [Test worker] INFO  com.phonebook.utils.MyListener -- The locator will findBy.cssSelector: input:nth-child(6)
11:13:08.023 [Test worker] INFO  com.phonebook.utils.MyListener -- ***********************************************************************
11:13:08.028 [Test worker] INFO  com.phonebook.utils.MyListener -- The locator found By.cssSelector: input:nth-child(6)
11:13:08.029 [Test worker] INFO  com.phonebook.utils.MyListener -- ***********************************************************************
11:13:08.042 [Test worker] INFO  com.phonebook.utils.MyListener -- The locator will findBy.cssSelector: .add_main__1tbl_ button
11:13:08.042 [Test worker] INFO  com.phonebook.utils.MyListener -- ***********************************************************************
11:13:08.050 [Test worker] INFO  com.phonebook.utils.MyListener -- The locator found By.cssSelector: .add_main__1tbl_ button
11:13:08.051 [Test worker] INFO  com.phonebook.utils.MyListener -- ***********************************************************************
11:13:08.080 [Test worker] INFO  com.phonebook.utils.MyListener -- Before find elements By.cssSelector: .contact-item_card__2SOIM
11:13:08.080 [Test worker] INFO  com.phonebook.utils.MyListener -- ***********************************************************************
11:13:08.935 [Test worker] INFO  com.phonebook.utils.MyListener -- List size is 73
11:13:08.935 [Test worker] INFO  com.phonebook.utils.MyListener -- ***********************************************************************
11:13:08.935 [Test worker] INFO  com.phonebook.utils.MyListener -- Before find elements By.cssSelector: .contact-item_card__2SOIM
11:13:08.935 [Test worker] INFO  com.phonebook.utils.MyListener -- ***********************************************************************
11:13:09.042 [Test worker] INFO  com.phonebook.utils.MyListener -- List size is 73
11:13:09.043 [Test worker] INFO  com.phonebook.utils.MyListener -- ***********************************************************************
11:13:09.043 [Test worker] INFO  com.phonebook.utils.MyListener -- The locator will findBy.cssSelector: .contact-item_card__2SOIM
11:13:09.043 [Test worker] INFO  com.phonebook.utils.MyListener -- ***********************************************************************
11:13:09.051 [Test worker] INFO  com.phonebook.utils.MyListener -- The locator found By.cssSelector: .contact-item_card__2SOIM
11:13:09.051 [Test worker] INFO  com.phonebook.utils.MyListener -- ***********************************************************************
11:13:09.086 [Test worker] INFO  com.phonebook.utils.MyListener -- The locator will findBy.xpath: //button[.='Remove']
11:13:09.086 [Test worker] INFO  com.phonebook.utils.MyListener -- ***********************************************************************
11:13:09.095 [Test worker] INFO  com.phonebook.utils.MyListener -- The locator found By.xpath: //button[.='Remove']
11:13:09.095 [Test worker] INFO  com.phonebook.utils.MyListener -- ***********************************************************************
11:13:10.124 [Test worker] INFO  com.phonebook.utils.MyListener -- Before find elements By.cssSelector: .contact-item_card__2SOIM
11:13:10.125 [Test worker] INFO  com.phonebook.utils.MyListener -- ***********************************************************************
11:13:10.253 [Test worker] INFO  com.phonebook.utils.MyListener -- List size is 72
11:13:10.253 [Test worker] INFO  com.phonebook.utils.MyListener -- ***********************************************************************
11:13:10.253 [Test worker] INFO  com.phonebook.utils.MyListener -- Before find elements By.cssSelector: .contact-item_card__2SOIM
11:13:10.254 [Test worker] INFO  com.phonebook.utils.MyListener -- ***********************************************************************
11:13:10.344 [Test worker] INFO  com.phonebook.utils.MyListener -- List size is 72
11:13:10.345 [Test worker] INFO  com.phonebook.utils.MyListener -- ***********************************************************************
11:13:10.346 [Test worker] INFO  com.phonebook.tests.TestBase -- PASSED: deleteContactTest
11:13:10.346 [Test worker] INFO  com.phonebook.tests.TestBase -- Stop test
11:13:10.346 [Test worker] INFO  com.phonebook.tests.TestBase -- =============================================================================
]]></system-out>
  <system-err><![CDATA[]]></system-err>
</testsuite>
