<?xml version="1.0" encoding="UTF-8"?>
<testsuite name="com.phonebook.tests.CreateAccountTests" tests="1" skipped="0" failures="0" errors="0" timestamp="2024-11-27T08:40:05" hostname="MacBookAir" time="1.53">
  <properties/>
  <testcase name="existedUserRegistrationNegativeTest" classname="com.phonebook.tests.CreateAccountTests" time="1.53"/>
  <system-out><![CDATA[09:40:05.832 [Test worker] INFO  com.phonebook.tests.TestBase -- Start test existedUserRegistrationNegativeTest[]
09:40:05.833 [Test worker] INFO  com.phonebook.utils.MyListener -- Before find elements By.cssSelector: [href='/login']
09:40:05.833 [Test worker] INFO  com.phonebook.utils.MyListener -- ***********************************************************************
09:40:05.839 [Test worker] INFO  com.phonebook.utils.MyListener -- List size is 1
09:40:05.839 [Test worker] INFO  com.phonebook.utils.MyListener -- ***********************************************************************
09:40:05.839 [Test worker] INFO  com.phonebook.utils.MyListener -- The locator will findBy.cssSelector: [href='/login']
09:40:05.839 [Test worker] INFO  com.phonebook.utils.MyListener -- ***********************************************************************
09:40:05.845 [Test worker] INFO  com.phonebook.utils.MyListener -- The locator found By.cssSelector: [href='/login']
09:40:05.845 [Test worker] INFO  com.phonebook.utils.MyListener -- ***********************************************************************
09:40:06.059 [Test worker] INFO  com.phonebook.utils.MyListener -- The locator will findBy.name: email
09:40:06.060 [Test worker] INFO  com.phonebook.utils.MyListener -- ***********************************************************************
09:40:06.072 [Test worker] INFO  com.phonebook.utils.MyListener -- The locator found By.name: email
09:40:06.073 [Test worker] INFO  com.phonebook.utils.MyListener -- ***********************************************************************
09:40:06.290 [Test worker] INFO  com.phonebook.utils.MyListener -- The locator will findBy.name: email
09:40:06.290 [Test worker] INFO  com.phonebook.utils.MyListener -- ***********************************************************************
09:40:06.303 [Test worker] INFO  com.phonebook.utils.MyListener -- The locator found By.name: email
09:40:06.303 [Test worker] INFO  com.phonebook.utils.MyListener -- ***********************************************************************
09:40:06.310 [Test worker] INFO  com.phonebook.utils.MyListener -- The locator will findBy.name: email
09:40:06.310 [Test worker] INFO  com.phonebook.utils.MyListener -- ***********************************************************************
09:40:06.319 [Test worker] INFO  com.phonebook.utils.MyListener -- The locator found By.name: email
09:40:06.319 [Test worker] INFO  com.phonebook.utils.MyListener -- ***********************************************************************
09:40:06.332 [Test worker] INFO  com.phonebook.utils.MyListener -- The locator will findBy.name: password
09:40:06.332 [Test worker] INFO  com.phonebook.utils.MyListener -- ***********************************************************************
09:40:06.339 [Test worker] INFO  com.phonebook.utils.MyListener -- The locator found By.name: password
09:40:06.340 [Test worker] INFO  com.phonebook.utils.MyListener -- ***********************************************************************
09:40:06.549 [Test worker] INFO  com.phonebook.utils.MyListener -- The locator will findBy.name: password
09:40:06.550 [Test worker] INFO  com.phonebook.utils.MyListener -- ***********************************************************************
09:40:06.561 [Test worker] INFO  com.phonebook.utils.MyListener -- The locator found By.name: password
09:40:06.562 [Test worker] INFO  com.phonebook.utils.MyListener -- ***********************************************************************
09:40:06.566 [Test worker] INFO  com.phonebook.utils.MyListener -- The locator will findBy.name: password
09:40:06.567 [Test worker] INFO  com.phonebook.utils.MyListener -- ***********************************************************************
09:40:06.574 [Test worker] INFO  com.phonebook.utils.MyListener -- The locator found By.name: password
09:40:06.575 [Test worker] INFO  com.phonebook.utils.MyListener -- ***********************************************************************
09:40:06.588 [Test worker] INFO  com.phonebook.utils.MyListener -- The locator will findBy.name: registration
09:40:06.588 [Test worker] INFO  com.phonebook.utils.MyListener -- ***********************************************************************
09:40:06.596 [Test worker] INFO  com.phonebook.utils.MyListener -- The locator found By.name: registration
09:40:06.596 [Test worker] INFO  com.phonebook.utils.MyListener -- ***********************************************************************
09:40:06.818 [Test worker] INFO  com.phonebook.utils.MyListener -- The test have a problem
09:40:06.818 [Test worker] INFO  com.phonebook.utils.MyListener -- ***********************************************************************
09:40:06.818 [Test worker] INFO  com.phonebook.utils.MyListener -- Method --> alert
09:40:06.818 [Test worker] INFO  com.phonebook.utils.MyListener -- ***********************************************************************
09:40:06.819 [Test worker] INFO  com.phonebook.utils.MyListener -- Target exception --> org.openqa.selenium.NoAlertPresentException: Build info: version: '4.26.0', revision: '8ccf0219d7'
System info: os.name: 'Mac OS X', os.arch: 'aarch64', os.version: '15.1.1', java.version: '17.0.12'
Driver info: org.openqa.selenium.firefox.FirefoxDriver
Command: [24666548-270b-42f8-91aa-833c270fdc99, getAlertText {}]
Capabilities {acceptInsecureCerts: true, browserName: firefox, browserVersion: 132.0.2, moz:accessibilityChecks: false, moz:buildID: 20241110231641, moz:debuggerAddress: 127.0.0.1:38864, moz:geckodriverVersion: 0.35.0, moz:headless: false, moz:platformVersion: 24.1.0, moz:processID: 1558, moz:profile: /var/folders/zr/s6qq0q7j1jd..., moz:shutdownTimeout: 60000, moz:webdriverClick: true, moz:windowless: false, pageLoadStrategy: normal, platformName: mac, proxy: Proxy(), se:cdp: ws://127.0.0.1:38864/devtoo..., se:cdpVersion: 85.0, setWindowRect: true, strictFileInteractability: false, timeouts: {implicit: 0, pageLoad: 300000, script: 30000}, unhandledPromptBehavior: dismiss and notify, userAgent: Mozilla/5.0 (Macintosh; Int...}
Session ID: 24666548-270b-42f8-91aa-833c270fdc99
09:40:06.819 [Test worker] INFO  com.phonebook.utils.MyListener -- ***********************************************************************
09:40:06.819 [Test worker] INFO  com.phonebook.utils.MyListener -- Object target --> org.openqa.selenium.remote.RemoteWebDriver$RemoteTargetLocator@1c7f96b1
09:40:06.819 [Test worker] INFO  com.phonebook.utils.MyListener -- ***********************************************************************
09:40:07.362 [Test worker] INFO  com.phonebook.utils.MyListener -- Before find elements By.cssSelector: .login_login__3EHKB>div
09:40:07.362 [Test worker] INFO  com.phonebook.utils.MyListener -- ***********************************************************************
09:40:07.368 [Test worker] INFO  com.phonebook.utils.MyListener -- List size is 1
09:40:07.368 [Test worker] INFO  com.phonebook.utils.MyListener -- ***********************************************************************
09:40:07.369 [Test worker] INFO  com.phonebook.tests.TestBase -- PASSED: existedUserRegistrationNegativeTest
09:40:07.369 [Test worker] INFO  com.phonebook.tests.TestBase -- Stop test
09:40:07.370 [Test worker] INFO  com.phonebook.tests.TestBase -- =============================================================================
]]></system-out>
  <system-err><![CDATA[]]></system-err>
</testsuite>
